# JRE version: Java(TM) SE Runtime Environment (18.0.2.1+1) (build 18.0.2.1+1-1)
# Java VM: Java HotSpot(TM) 64-Bit Server VM (18.0.2.1+1-1, mixed mode, sharing, tiered, compressed oops, compressed class ptrs, g1 gc, windows-amd64)
GC Precious Log:
 CardTable entry size: 512
 Card Set container configuration: InlinePtr #cards 4 size 8 Array Of Cards #cards 16 size 48 Howl #buckets 8 coarsen threshold 3686 Howl Bitmap #cards 512 size 80 coarsen threshold 460 Card regions per heap region 1 cards per card region 4096
 CPUs: 8 total, 8 available
 Memory: 16216M
 Large Page Support: Disabled
 NUMA Support: Disabled
 Compressed Oops: Enabled (Zero based)
 Heap Region Size: 2M
 Heap Min Capacity: 8M
 Heap Initial Capacity: 254M
 Heap Max Capacity: 4056M
 Pre-touch: Disabled
 Parallel Workers: 8
 Concurrent Workers: 2
 Concurrent Refinement Workers: 8
 Periodic GC: Disabled
Heap:
 garbage-first heap   total 55296K, used 24180K [0x0000000702800000, 0x0000000800000000)
  region size 2048K, 2 young (4096K), 2 survivors (4096K)
 Metaspace       used 44933K, committed 45440K, reserved 1114112K
  class space    used 5756K, committed 5952K, reserved 1048576K
GC Heap History (20 events):
Event: 1.201 GC heap after
{Heap after GC invocations=2 (full 0):
 garbage-first heap   total 260096K, used 8711K [0x0000000702800000, 0x0000000800000000)
  region size 2048K, 1 young (2048K), 1 survivors (2048K)
 Metaspace       used 11212K, committed 11392K, reserved 1114112K
  class space    used 1387K, committed 1472K, reserved 1048576K
}
Event: 2.301 GC heap before
{Heap before GC invocations=2 (full 0):
 garbage-first heap   total 260096K, used 64007K [0x0000000702800000, 0x0000000800000000)
  region size 2048K, 28 young (57344K), 1 survivors (2048K)
 Metaspace       used 20436K, committed 20736K, reserved 1114112K
  class space    used 2538K, committed 2688K, reserved 1048576K
}
Event: 2.305 GC heap after
{Heap after GC invocations=3 (full 0):
 garbage-first heap   total 260096K, used 12295K [0x0000000702800000, 0x0000000800000000)
  region size 2048K, 3 young (6144K), 3 survivors (6144K)
 Metaspace       used 20436K, committed 20736K, reserved 1114112K
  class space    used 2538K, committed 2688K, reserved 1048576K
}
Event: 2.353 GC heap before
{Heap before GC invocations=3 (full 0):
 garbage-first heap   total 260096K, used 14343K [0x0000000702800000, 0x0000000800000000)
  region size 2048K, 5 young (10240K), 3 survivors (6144K)
 Metaspace       used 21299K, committed 21504K, reserved 1114112K
  class space    used 2636K, committed 2752K, reserved 1048576K
}
Event: 2.355 GC heap after
{Heap after GC invocations=4 (full 0):
 garbage-first heap   total 260096K, used 12580K [0x0000000702800000, 0x0000000800000000)
  region size 2048K, 3 young (6144K), 3 survivors (6144K)
 Metaspace       used 21299K, committed 21504K, reserved 1114112K
  class space    used 2636K, committed 2752K, reserved 1048576K
}
Event: 3.131 GC heap before
{Heap before GC invocations=5 (full 0):
 garbage-first heap   total 55296K, used 39204K [0x0000000702800000, 0x0000000800000000)
  region size 2048K, 16 young (32768K), 3 survivors (6144K)
 Metaspace       used 26436K, committed 26688K, reserved 1114112K
  class space    used 3366K, committed 3456K, reserved 1048576K
}
Event: 3.138 GC heap after
{Heap after GC invocations=6 (full 0):
 garbage-first heap   total 55296K, used 15325K [0x0000000702800000, 0x0000000800000000)
  region size 2048K, 2 young (4096K), 2 survivors (4096K)
 Metaspace       used 26436K, committed 26688K, reserved 1114112K
  class space    used 3366K, committed 3456K, reserved 1048576K
}
Event: 3.172 GC heap before
{Heap before GC invocations=6 (full 0):
 garbage-first heap   total 55296K, used 17373K [0x0000000702800000, 0x0000000800000000)
  region size 2048K, 3 young (6144K), 2 survivors (4096K)
 Metaspace       used 26742K, committed 27072K, reserved 1114112K
  class space    used 3413K, committed 3584K, reserved 1048576K
}
Event: 3.176 GC heap after
{Heap after GC invocations=7 (full 0):
 garbage-first heap   total 55296K, used 15283K [0x0000000702800000, 0x0000000800000000)
  region size 2048K, 1 young (2048K), 1 survivors (2048K)
 Metaspace       used 26742K, committed 27072K, reserved 1114112K
  class space    used 3413K, committed 3584K, reserved 1048576K
}
Event: 3.628 GC heap before
{Heap before GC invocations=7 (full 0):
 garbage-first heap   total 55296K, used 35763K [0x0000000702800000, 0x0000000800000000)
  region size 2048K, 11 young (22528K), 1 survivors (2048K)
 Metaspace       used 31346K, committed 31744K, reserved 1114112K
  class space    used 4009K, committed 4224K, reserved 1048576K
}
Event: 3.633 GC heap after
{Heap after GC invocations=8 (full 0):
 garbage-first heap   total 55296K, used 17005K [0x0000000702800000, 0x0000000800000000)
  region size 2048K, 2 young (4096K), 2 survivors (4096K)
 Metaspace       used 31346K, committed 31744K, reserved 1114112K
  class space    used 4009K, committed 4224K, reserved 1048576K
}
Event: 4.215 GC heap before
{Heap before GC invocations=8 (full 0):
 garbage-first heap   total 55296K, used 35437K [0x0000000702800000, 0x0000000800000000)
  region size 2048K, 11 young (22528K), 2 survivors (4096K)
 Metaspace       used 35105K, committed 35584K, reserved 1114112K
  class space    used 4457K, committed 4672K, reserved 1048576K
}
Event: 4.220 GC heap after
{Heap after GC invocations=9 (full 0):
 garbage-first heap   total 55296K, used 18069K [0x0000000702800000, 0x0000000800000000)
  region size 2048K, 1 young (2048K), 1 survivors (2048K)
 Metaspace       used 35105K, committed 35584K, reserved 1114112K
  class space    used 4457K, committed 4672K, reserved 1048576K
}
Event: 4.237 GC heap before
{Heap before GC invocations=9 (full 0):
 garbage-first heap   total 55296K, used 18069K [0x0000000702800000, 0x0000000800000000)
  region size 2048K, 2 young (4096K), 1 survivors (2048K)
 Metaspace       used 35699K, committed 36160K, reserved 1114112K
  class space    used 4520K, committed 4736K, reserved 1048576K
}
Event: 4.238 GC heap after
{Heap after GC invocations=10 (full 0):
 garbage-first heap   total 55296K, used 18160K [0x0000000702800000, 0x0000000800000000)
  region size 2048K, 1 young (2048K), 1 survivors (2048K)
 Metaspace       used 35699K, committed 36160K, reserved 1114112K
  class space    used 4520K, committed 4736K, reserved 1048576K
}
Event: 11.563 GC heap before
{Heap before GC invocations=11 (full 0):
 garbage-first heap   total 55296K, used 36592K [0x0000000702800000, 0x0000000800000000)
  region size 2048K, 11 young (22528K), 1 survivors (2048K)
 Metaspace       used 41028K, committed 41408K, reserved 1114112K
  class space    used 5207K, committed 5376K, reserved 1048576K
}
Event: 11.567 GC heap after
{Heap after GC invocations=12 (full 0):
 garbage-first heap   total 55296K, used 21438K [0x0000000702800000, 0x0000000800000000)
  region size 2048K, 2 young (4096K), 2 survivors (4096K)
 Metaspace       used 41028K, committed 41408K, reserved 1114112K
  class space    used 5207K, committed 5376K, reserved 1048576K
}
Event: 11.578 GC heap before
{Heap before GC invocations=12 (full 0):
 garbage-first heap   total 55296K, used 23486K [0x0000000702800000, 0x0000000800000000)
  region size 2048K, 3 young (6144K), 2 survivors (4096K)
 Metaspace       used 41080K, committed 41472K, reserved 1114112K
  class space    used 5209K, committed 5376K, reserved 1048576K
}
Event: 11.582 GC heap after
{Heap after GC invocations=13 (full 0):
 garbage-first heap   total 55296K, used 21859K [0x0000000702800000, 0x0000000800000000)
  region size 2048K, 1 young (2048K), 1 survivors (2048K)
 Metaspace       used 41080K, committed 41472K, reserved 1114112K
  class space    used 5209K, committed 5376K, reserved 1048576K
}
Event: 15.202 GC heap before
{Heap before GC invocations=13 (full 0):
 garbage-first heap   total 55296K, used 38243K [0x0000000702800000, 0x0000000800000000)
  region size 2048K, 9 young (18432K), 1 survivors (2048K)
 Metaspace       used 44933K, committed 45440K, reserved 1114112K
  class space    used 5756K, committed 5952K, reserved 1048576K
}

